           1
          99
  
  0.1000000000000E+00   0.2419719085594E-37
  0.1250576960000E+00   0.4622903536054E-32
  0.1563942733000E+00   0.8565625849263E-29
  0.1955830748000E+00   0.6190819834841E-26
  0.2445916871000E+00   0.2944660440832E-23
  0.3058807285000E+00   0.4187531745996E-21
  0.3825273915000E+00   0.4070591657611E-20
  0.4783799423000E+00   0.2111408048369E-19
  0.5982509339000E+00   0.4946647981664E-19
  0.7481588342000E+00   0.7105279445774E-19
  0.9356302004000E+00   0.9137846129553E-19
  0.1170077572000E+01   0.1089914948761E-18
  0.1463272052000E+01   0.1291528757203E-18
  0.1829934315000E+01   0.1207883628211E-18
  0.2288473692000E+01   0.8041874053209E-19
  0.2861912473000E+01   0.5589918808893E-19
  0.3579041800000E+01   0.3817432269743E-19
  0.4475867213000E+01   0.2400758561425E-19
  0.5597416412000E+01   0.2117541602347E-19
  0.7000000000000E+01   0.2465164871318E-19
  0.7180503189000E+01   0.2504154840901E-19
  0.7365660863000E+01   0.2551117972721E-19
  0.7555593045000E+01   0.2690169604623E-19
  0.7750422850000E+01   0.2822288928787E-19
  0.7950276569000E+01   0.3063397555122E-19
  0.8155283751000E+01   0.3349710877712E-19
  0.8365577282000E+01   0.3632584764298E-19
  0.8581293478000E+01   0.3893633305597E-19
  0.8802572169000E+01   0.4164978362048E-19
  0.9029556789000E+01   0.4431253573313E-19
  0.9262394474000E+01   0.4679336605251E-19
  0.9501236151000E+01   0.4938889763651E-19
  0.9746236639000E+01   0.5115516317178E-19
  0.9997554752000E+01   0.5242140110507E-19
  0.1025535340000E+02   0.5379099007113E-19
  0.1051979968000E+02   0.5458685443759E-19
  0.1079106502000E+02   0.5523967861139E-19
  0.1106932526000E+02   0.5575017902206E-19
  0.1135476076000E+02   0.5608463526622E-19
  0.1164755654000E+02   0.5637303345000E-19
  0.1194790242000E+02   0.5660053191137E-19
  0.1225599306000E+02   0.5660130926337E-19
  0.1257202817000E+02   0.5668900134047E-19
  0.1289621263000E+02   0.5673965755673E-19
  0.1322875656000E+02   0.5679349091407E-19
  0.1356987552000E+02   0.5708973965084E-19
  0.1391979063000E+02   0.5754048530372E-19
  0.1427872872000E+02   0.5833446819225E-19
  0.1464692244000E+02   0.6035906366086E-19
  0.1502461047000E+02   0.6233960609465E-19
  0.1541203763000E+02   0.6468150707395E-19
  0.1580945504000E+02   0.6734651125628E-19
  0.1621712034000E+02   0.7008416701625E-19
  0.1663529775000E+02   0.7247678150131E-19
  0.1706425837000E+02   0.7511251338984E-19
  0.1750428023000E+02   0.7787026662148E-19
  0.1795564857000E+02   0.8062685705790E-19
  0.1841865598000E+02   0.8366353098667E-19
  0.1889360257000E+02   0.8637940187085E-19
  0.1938079621000E+02   0.8922072057849E-19
  0.1988055271000E+02   0.9224874491662E-19
  0.2039319602000E+02   0.9515440897183E-19
  0.2091905843000E+02   0.9849528140879E-19
  0.2145848083000E+02   0.1020990458308E-18
  0.2201181286000E+02   0.1064039760951E-18
  0.2257941320000E+02   0.1109349680728E-18
  0.2316164978000E+02   0.1166100350048E-18
  0.2375890002000E+02   0.1229873433219E-18
  0.2437155105000E+02   0.1299264203954E-18
  0.2500000000000E+02   0.1377262250283E-18
  0.3073733534000E+02   0.2100481354384E-18
  0.3779135136000E+02   0.2965492972125E-18
  0.4646421759000E+02   0.4060448193513E-18
  0.5712744950000E+02   0.5233229354440E-18
  0.7023782290000E+02   0.6276983586412E-18
  0.8635694065000E+02   0.7164538623695E-18
  0.1061752898000E+03   0.7916471777727E-18
  0.1305418194000E+03   0.8444788377741E-18
  0.1605003072000E+03   0.8777040121197E-18
  0.1973340706000E+03   0.8834770065204E-18
  0.2426209401000E+03   0.8295332076717E-18
  0.2983008479000E+03   0.7332148327856E-18
  0.3667589278000E+03   0.6018134515204E-18
  0.4509276862000E+03   0.4496366368590E-18
  0.5544126202000E+03   0.3098598534444E-18
  0.6816466650000E+03   0.2008508985671E-18
  0.8380800851000E+03   0.1257817325968E-18
  0.1030413945000E+04   0.7455550863346E-19
  0.1266887158000E+04   0.4216522092003E-19
  0.1557629417000E+04   0.2251687283328E-19
  0.1915095109000E+04   0.1114211912214E-19
  0.2354596824000E+04   0.5038251123827E-20
  0.2894961287000E+04   0.2120573751860E-20
  0.3559335835000E+04   0.8447723002283E-21
  0.4376179966000E+04   0.3284237781509E-21
  0.5380484445000E+04   0.1086913989672E-21
  0.6615270188000E+04   0.3761422575059E-22
  0.8133431126000E+04   0.1570165305619E-22
  0.1000000000000E+05   0.6969132926906E-23
